  Audio.c
C:\Users\jscho\Documents\GitHub\EQ-Rewrite\EQ_Rewrite\EQ_Rewrite\Audio.c(6,20): warning C4013: 'malloc' undefined; assuming extern returning int
C:\Users\jscho\Documents\GitHub\EQ-Rewrite\EQ_Rewrite\EQ_Rewrite\Audio.c(20,11): warning C4047: 'return': 'Wav *' differs in levels of indirection from 'int'
C:\Users\jscho\Documents\GitHub\EQ-Rewrite\EQ_Rewrite\EQ_Rewrite\Audio.c(6,1): warning C4047: 'initializing': 'Wav *' differs in levels of indirection from 'int'
C:\Users\jscho\Documents\GitHub\EQ-Rewrite\EQ_Rewrite\EQ_Rewrite\Audio.c(68,21): warning C4018: '<': signed/unsigned mismatch
  Buffer.c
C:\Users\jscho\Documents\GitHub\EQ-Rewrite\EQ_Rewrite\EQ_Rewrite\Buffer.c(6,25): warning C4013: 'malloc' undefined; assuming extern returning int
C:\Users\jscho\Documents\GitHub\EQ-Rewrite\EQ_Rewrite\EQ_Rewrite\Buffer.c(8,38): warning C4047: '=': 'Block *' differs in levels of indirection from 'int'
C:\Users\jscho\Documents\GitHub\EQ-Rewrite\EQ_Rewrite\EQ_Rewrite\Buffer.c(9,32): warning C4013: 'calloc' undefined; assuming extern returning int
C:\Users\jscho\Documents\GitHub\EQ-Rewrite\EQ_Rewrite\EQ_Rewrite\Buffer.c(9,61): warning C4047: '=': 'Sample *' differs in levels of indirection from 'int'
C:\Users\jscho\Documents\GitHub\EQ-Rewrite\EQ_Rewrite\EQ_Rewrite\Buffer.c(17,54): warning C4047: '=': 'Sample *' differs in levels of indirection from 'int'
C:\Users\jscho\Documents\GitHub\EQ-Rewrite\EQ_Rewrite\EQ_Rewrite\Buffer.c(6,1): warning C4047: 'initializing': 'Buffer *' differs in levels of indirection from 'int'
C:\Users\jscho\Documents\GitHub\EQ-Rewrite\EQ_Rewrite\EQ_Rewrite\Buffer.c(16,1): warning C4047: 'initializing': 'Block *' differs in levels of indirection from 'int'
C:\Users\jscho\Documents\GitHub\EQ-Rewrite\EQ_Rewrite\EQ_Rewrite\Buffer.c(33,54): warning C4047: '=': 'Sample *' differs in levels of indirection from 'int'
C:\Users\jscho\Documents\GitHub\EQ-Rewrite\EQ_Rewrite\EQ_Rewrite\Buffer.c(34,13): warning C4013: 'bufferAudio' undefined; assuming extern returning int
C:\Users\jscho\Documents\GitHub\EQ-Rewrite\EQ_Rewrite\EQ_Rewrite\Buffer.c(44,6): warning C4013: 'free' undefined; assuming extern returning int
C:\Users\jscho\Documents\GitHub\EQ-Rewrite\EQ_Rewrite\EQ_Rewrite\Buffer.c(32,1): warning C4047: 'initializing': 'Block *' differs in levels of indirection from 'int'
C:\Users\jscho\Documents\GitHub\EQ-Rewrite\EQ_Rewrite\EQ_Rewrite\Buffer.c(71,27): warning C4013: 'reverseBits' undefined; assuming extern returning int
C:\Users\jscho\Documents\GitHub\EQ-Rewrite\EQ_Rewrite\EQ_Rewrite\Buffer.c(82,1): warning C4142: 'reverseBits': benign redefinition of type
  FFT.c
C:\Users\jscho\Documents\GitHub\EQ-Rewrite\EQ_Rewrite\EQ_Rewrite\FFT.c(21,23): warning C4013: 'malloc' undefined; assuming extern returning int
C:\Users\jscho\Documents\GitHub\EQ-Rewrite\EQ_Rewrite\EQ_Rewrite\FFT.c(21,1): warning C4047: 'initializing': 'Complex *' differs in levels of indirection from 'int'
C:\Users\jscho\Documents\GitHub\EQ-Rewrite\EQ_Rewrite\EQ_Rewrite\FFT.c(24,1): warning C4244: 'initializing': conversion from 'double' to 'float', possible loss of data
C:\Users\jscho\Documents\GitHub\EQ-Rewrite\EQ_Rewrite\EQ_Rewrite\FFT.c(63,26): warning C4013: 'reverseBits' undefined; assuming extern returning int
C:\Users\jscho\Documents\GitHub\EQ-Rewrite\EQ_Rewrite\EQ_Rewrite\FFT.c(74,1): warning C4047: 'initializing': 'Complex *' differs in levels of indirection from 'int'
C:\Users\jscho\Documents\GitHub\EQ-Rewrite\EQ_Rewrite\EQ_Rewrite\FFT.c(77,1): warning C4244: 'initializing': conversion from 'double' to 'float', possible loss of data
  Source.c
C:\Users\jscho\Documents\GitHub\EQ-Rewrite\EQ_Rewrite\EQ_Rewrite\Source.c(17,21): warning C4013: '_CrtDumpMemoryLeaks' undefined; assuming extern returning int
C:\Users\jscho\Documents\GitHub\EQ-Rewrite\EQ_Rewrite\EQ_Rewrite\Source.c(32,6): warning C4013: 'free' undefined; assuming extern returning int
C:\Users\jscho\Documents\GitHub\EQ-Rewrite\EQ_Rewrite\EQ_Rewrite\Source.c(38,24): warning C4013: 'calloc' undefined; assuming extern returning int
C:\Users\jscho\Documents\GitHub\EQ-Rewrite\EQ_Rewrite\EQ_Rewrite\Source.c(39,26): warning C4013: 'malloc' undefined; assuming extern returning int
C:\Users\jscho\Documents\GitHub\EQ-Rewrite\EQ_Rewrite\EQ_Rewrite\Source.c(38,1): warning C4047: 'initializing': 'Complex *' differs in levels of indirection from 'int'
C:\Users\jscho\Documents\GitHub\EQ-Rewrite\EQ_Rewrite\EQ_Rewrite\Source.c(39,1): warning C4047: 'initializing': 'Sample *' differs in levels of indirection from 'int'
  eq.c
C:\Users\jscho\Documents\GitHub\EQ-Rewrite\EQ_Rewrite\EQ_Rewrite\eq.c(6,21): warning C4013: 'malloc' undefined; assuming extern returning int
C:\Users\jscho\Documents\GitHub\EQ-Rewrite\EQ_Rewrite\EQ_Rewrite\eq.c(6,1): warning C4047: 'initializing': 'EQ *' differs in levels of indirection from 'int'
C:\Users\jscho\Documents\GitHub\EQ-Rewrite\EQ_Rewrite\EQ_Rewrite\eq.c(15,1): warning C4305: 'initializing': truncation from 'double' to 'float'
C:\Users\jscho\Documents\GitHub\EQ-Rewrite\EQ_Rewrite\EQ_Rewrite\eq.c(33,1): warning C4047: 'initializing': 'Complex *' differs in levels of indirection from 'int'
  Generating Code...
  EQ_Rewrite.vcxproj -> C:\Users\jscho\Documents\GitHub\EQ-Rewrite\EQ_Rewrite\Debug\EQ_Rewrite.exe
